<?xml version="1.0" encoding="UTF-8"?>
<testsuite xmlns:xsi="http://www.w3.org/2001/XMLSchema-instance" xsi:schemaLocation="https://maven.apache.org/surefire/maven-surefire-plugin/xsd/surefire-test-report.xsd" name="functional.RunCucumberTests" time="1.605" tests="11" errors="2" skipped="3" failures="0">
  <properties>
[...]
</properties>
  <testcase name="Given The calculator is running" classname="Scenario: Calculator Addition" time="0.001"/>
  <testcase name="And The first number is 123" classname="Scenario: Calculator Addition" time="0"/>
  <testcase name="And The second number is 200" classname="Scenario: Calculator Addition" time="0"/>
  <testcase name="When I call the add function" classname="Scenario: Calculator Addition" time="0"/>
  <testcase name="Then The calculator returns 323" classname="Scenario: Calculator Addition" time="0"/>
  <testcase name="Scenario: Calculator Addition" classname="Scenario: Calculator Addition" time="0"/>
  <testcase name="Given The Http Service is running" classname="Scenario: GET /test returns value test" time="0.01">
    <error message="Failed to instantiate class functional.HttpServiceStepDefs" type="cucumber.runtime.CucumberException">cucumber.runtime.CucumberException: Failed to instantiate class functional.HttpServiceStepDefs
Caused by: java.lang.reflect.InvocationTargetException
Caused by: org.mule.api.config.ConfigurationException: tshirt-app.xml (java.io.FileNotFoundException)
Caused by: java.io.FileNotFoundException: tshirt-app.xml
</error>
    <system-out><![CDATA[
  Scenario: Calculator Addition     &amp#27;[90m# calculator.feature:3&amp#27;[0m
    &amp#27;[32mGiven &amp#27;[0m&amp#27;[32mThe calculator is running&amp#27;[0m &amp#27;[90m# RunCalculatorStepDefs.the_calculator_is_running()&amp#27;[0m
    &amp#27;[32mAnd &amp#27;[0m&amp#27;[32mThe first number is &amp#27;[0m&amp#27;[32m&amp#27;[1m123&amp#27;[0m     &amp#27;[90m# RunCalculatorStepDefs.the_first_number_is(int)&amp#27;[0m
    &amp#27;[32mAnd &amp#27;[0m&amp#27;[32mThe second number is &amp#27;[0m&amp#27;[32m&amp#27;[1m200&amp#27;[0m    &amp#27;[90m# RunCalculatorStepDefs.the_second_number_is(int)&amp#27;[0m
    &amp#27;[32mWhen &amp#27;[0m&amp#27;[32mI call the add function&amp#27;[0m    &amp#27;[90m# RunCalculatorStepDefs.i_call_the_add_function()&amp#27;[0m
    &amp#27;[32mThen &amp#27;[0m&amp#27;[32mThe calculator returns &amp#27;[0m&amp#27;[32m&amp#27;[1m323&amp#27;[0m &amp#27;[90m# RunCalculatorStepDefs.the_calculator_returns(int)&amp#27;[0m
Feature: Http Service
]]></system-out>
  </testcase>
  <testcase name="Scenario: GET /test returns value test" classname="Scenario: GET /test returns value test" time="0.012">
    <error message="Failed to instantiate class functional.HttpServiceStepDefs" type="cucumber.runtime.CucumberException">cucumber.runtime.CucumberException: Failed to instantiate class functional.HttpServiceStepDefs
Caused by: java.lang.reflect.InvocationTargetException
Caused by: org.mule.api.config.ConfigurationException: tshirt-app.xml (java.io.FileNotFoundException)
Caused by: java.io.FileNotFoundException: tshirt-app.xml
</error>
  </testcase>
  <testcase name="When The service is called with a GET method" classname="Scenario: GET /test returns value test" time="0">
    <skipped/>
  </testcase>
  <testcase name="Then The service returns an HTTP response of 200" classname="Scenario: GET /test returns value test" time="0">
    <skipped/>
  </testcase>
  <testcase name="And The payload contains the value &quot;Test&quot;" classname="Scenario: GET /test returns value test" time="0">
    <skipped/>
  </testcase>
</testsuite>